<?xml version="1.0" encoding="UTF-8"?>
<testng-results ignored="0" total="1" passed="1" failed="0" skipped="0">
  <reporter-output>
  </reporter-output>
  <suite started-at="2022-06-27T17:16:08 AEST" name="Default suite" finished-at="2022-06-27T17:16:13 AEST" duration-ms="4888">
    <groups>
    </groups>
    <test started-at="2022-06-27T17:16:08 AEST" name="Default test" finished-at="2022-06-27T17:16:13 AEST" duration-ms="4888">
      <class name="TestNGPractice.ExtentReport.ExtentReportPractice">
        <test-method is-config="true" signature="config()[pri:0, instance:TestNGPractice.ExtentReport.ExtentReportPractice@e15b7e8]" started-at="2022-06-27T17:16:08 AEST" name="config" finished-at="2022-06-27T17:16:09 AEST" duration-ms="204" status="PASS">
          <reporter-output>
          </reporter-output>
        </test-method> <!-- config -->
        <test-method signature="Intitial()[pri:0, instance:TestNGPractice.ExtentReport.ExtentReportPractice@e15b7e8]" started-at="2022-06-27T17:16:09 AEST" name="Intitial" finished-at="2022-06-27T17:16:13 AEST" duration-ms="4647" status="PASS">
          <reporter-output>
          </reporter-output>
        </test-method> <!-- Intitial -->
      </class> <!-- TestNGPractice.ExtentReport.ExtentReportPractice -->
    </test> <!-- Default test -->
  </suite> <!-- Default suite -->
</testng-results>
